<?xml version="1.0" encoding="UTF-8"?>
<!-- Generated by org.testng.reporters.JUnitXMLReporter -->
<testsuite ignored="1" hostname="DESKTOP-K77Q2LB" failures="0" tests="5" name="Default test(failed)" time="4.733" errors="0" timestamp="2021-08-15T23:48:31 EDT">
  <testcase classname="test_layer.RegsitrationPage_Tests" name="@BeforeMethod InitSetup" time="4.352">
    <failure type="java.lang.ExceptionInInitializerError">
      <![CDATA[java.lang.ExceptionInInitializerError
at test_layer.RegsitrationPage_Tests.InitSetup(RegsitrationPage_Tests.java:30)
at java.base/java.util.ArrayList.forEach(ArrayList.java:1511)
Caused by: java.lang.NullPointerException
at java.base/java.util.Objects.requireNonNull(Objects.java:208)
at org.openqa.selenium.interactions.Actions.<init>(Actions.java:65)
at util.Basic_Utils.<clinit>(Basic_Utils.java:16)
... 33 more
... Removed 31 stack frames]]>
    </failure>
  </testcase> <!-- @BeforeMethod InitSetup -->
  <testcase classname="test_layer.RegsitrationPage_Tests" name="@AfterMethod Teardown" time="-1.629085711362E9">
    <skipped/>
  </testcase> <!-- @AfterMethod Teardown -->
  <testcase classname="test_layer.RegsitrationPage_Tests" name="@BeforeMethod InitSetup" time="-1.629085711364E9">
    <skipped/>
  </testcase> <!-- @BeforeMethod InitSetup -->
  <testcase classname="test_layer.RegsitrationPage_Tests" name="@AfterMethod Teardown" time="-1.62908571137E9">
    <skipped/>
  </testcase> <!-- @AfterMethod Teardown -->
  <testcase classname="test_layer.RegsitrationPage_Tests" name="@BeforeMethod InitSetup" time="-1.629085711371E9">
    <skipped/>
  </testcase> <!-- @BeforeMethod InitSetup -->
  <testcase classname="test_layer.RegsitrationPage_Tests" name="@AfterMethod Teardown" time="-1.629085711375E9">
    <skipped/>
  </testcase> <!-- @AfterMethod Teardown -->
  <testcase classname="test_layer.RegsitrationPage_Tests" name="@BeforeMethod InitSetup" time="-1.629085711375E9">
    <skipped/>
  </testcase> <!-- @BeforeMethod InitSetup -->
  <testcase classname="test_layer.RegsitrationPage_Tests" name="@AfterMethod Teardown" time="-1.629085711377E9">
    <skipped/>
  </testcase> <!-- @AfterMethod Teardown -->
  <testcase classname="test_layer.RegsitrationPage_Tests" name="@BeforeMethod InitSetup" time="-1.629085711378E9">
    <skipped/>
  </testcase> <!-- @BeforeMethod InitSetup -->
  <testcase classname="test_layer.RegsitrationPage_Tests" name="@AfterMethod Teardown" time="-1.62908571138E9">
    <skipped/>
  </testcase> <!-- @AfterMethod Teardown -->
  <testcase classname="test_layer.RegsitrationPage_Tests" name="ValidateFirstName" time="0.0">
    <skipped/>
  </testcase> <!-- ValidateFirstName -->
  <testcase classname="test_layer.RegsitrationPage_Tests" name="ValidateFirstName" time="0.0">
    <skipped/>
  </testcase> <!-- ValidateFirstName -->
  <testcase classname="test_layer.RegsitrationPage_Tests" name="ValidateFirstName" time="0.0">
    <skipped/>
  </testcase> <!-- ValidateFirstName -->
  <testcase classname="test_layer.RegsitrationPage_Tests" name="ValidateFirstName" time="0.0">
    <skipped/>
  </testcase> <!-- ValidateFirstName -->
  <testcase classname="test_layer.RegsitrationPage_Tests" name="ValidateFirstName" time="0.0">
    <skipped/>
  </testcase> <!-- ValidateFirstName -->
  <testcase classname="test_layer.RegsitrationPage_Tests" name="urltest" time="0.0">
    <ignored/>
  </testcase> <!-- urltest -->
</testsuite> <!-- Default test(failed) -->
