<?xml version="1.0" encoding="UTF-8"?>
<!-- Generated by org.testng.reporters.JUnitXMLReporter -->
<testsuite ignored="0" hostname="DESKTOP-K77Q2LB" failures="1" tests="1" name="Test" time="0.04" errors="0" timestamp="2021-08-16T01:43:01 EDT">
  <testcase classname="test_layer.ShoppingCart_Tests" name="urltest" time="0.008">
    <failure type="java.lang.NullPointerException" message="Cannot invoke &amp;quot;pomPackage.SearchPage.NavigateShoppingcartpage(String)&amp;quot; because &amp;quot;this.searchpage&amp;quot; is null">
      <![CDATA[java.lang.NullPointerException: Cannot invoke "pomPackage.SearchPage.NavigateShoppingcartpage(String)" because "this.searchpage" is null
at test_layer.ShoppingCart_Tests.urltest(ShoppingCart_Tests.java:34)
at java.base/java.util.ArrayList.forEach(ArrayList.java:1511)
... Removed 27 stack frames]]>
    </failure>
  </testcase> <!-- urltest -->
</testsuite> <!-- Test -->
